-------------------------------------------------------------------------------
Test set: BubbleTest
-------------------------------------------------------------------------------
Tests run: 8, Failures: 7, Errors: 0, Skipped: 0, Time elapsed: 0.062 sec <<< FAILURE!
BubbleTest.testBounceY()  Time elapsed: 0.047 sec  <<< FAILURE!
java.lang.NoClassDefFoundError: org/junit/Assert
	at BubbleTest.testBounceY(BubbleTest.java:60)
Caused by: java.lang.ClassNotFoundException: org.junit.Assert
	at java.net.URLClassLoader.findClass(URLClassLoader.java:381)
	at java.lang.ClassLoader.loadClass(ClassLoader.java:424)
	at sun.misc.Launcher$AppClassLoader.loadClass(Launcher.java:331)
	at java.lang.ClassLoader.loadClass(ClassLoader.java:357)
	... 19 more

BubbleTest.testBounceH()  Time elapsed: 0 sec  <<< FAILURE!
java.lang.NoClassDefFoundError: org/junit/Assert
	at BubbleTest.testBounceH(BubbleTest.java:97)

BubbleTest.testBounceV()  Time elapsed: 0.015 sec  <<< FAILURE!
java.lang.NoClassDefFoundError: org/junit/Assert
	at BubbleTest.testBounceV(BubbleTest.java:105)

BubbleTest.testBounceX()  Time elapsed: 0 sec  <<< FAILURE!
java.lang.NoClassDefFoundError: org/junit/Assert
	at BubbleTest.testBounceX(BubbleTest.java:48)

BubbleTest.testBubbleDefault()  Time elapsed: 0 sec  <<< FAILURE!
java.lang.NoClassDefFoundError: org/junit/Assert
	at BubbleTest.testBubbleDefault(BubbleTest.java:26)

BubbleTest.testBounceMaxHeight()  Time elapsed: 0 sec  <<< FAILURE!
java.lang.NoClassDefFoundError: org/junit/Assert
	at BubbleTest.testBounceMaxHeight(BubbleTest.java:72)

BubbleTest.testBubbleSetters()  Time elapsed: 0 sec  <<< FAILURE!
java.lang.NoClassDefFoundError: org/junit/Assert
	at BubbleTest.testBubbleSetters(BubbleTest.java:36)

