<?xml version="1.0" encoding="UTF-8" ?>
<testsuite tests="16" failures="16" name="SettingsTest" time="0" errors="0" skipped="0">
  <properties>
    <property name="java.runtime.name" value="Java(TM) SE Runtime Environment"/>
    <property name="sun.boot.library.path" value="D:\Program Files (x86)\Java\jdk1.8.0_60\jre\bin"/>
    <property name="java.vm.version" value="25.60-b23"/>
    <property name="java.vm.vendor" value="Oracle Corporation"/>
    <property name="maven.multiModuleProjectDirectory" value="D:\Users\Tim\git\Bubble Trouble"/>
    <property name="java.vendor.url" value="http://java.oracle.com/"/>
    <property name="path.separator" value=";"/>
    <property name="guice.disable.misplaced.annotation.check" value="true"/>
    <property name="java.vm.name" value="Java HotSpot(TM) Client VM"/>
    <property name="file.encoding.pkg" value="sun.io"/>
    <property name="user.script" value=""/>
    <property name="user.country" value="US"/>
    <property name="sun.java.launcher" value="SUN_STANDARD"/>
    <property name="sun.os.patch.level" value=""/>
    <property name="java.vm.specification.name" value="Java Virtual Machine Specification"/>
    <property name="user.dir" value="D:\Users\Tim\git\Bubble Trouble"/>
    <property name="java.runtime.version" value="1.8.0_60-b27"/>
    <property name="java.awt.graphicsenv" value="sun.awt.Win32GraphicsEnvironment"/>
    <property name="java.endorsed.dirs" value="D:\Program Files (x86)\Java\jdk1.8.0_60\jre\lib\endorsed"/>
    <property name="os.arch" value="x86"/>
    <property name="java.io.tmpdir" value="D:\Users\Tim\AppData\Local\Temp\"/>
    <property name="line.separator" value="
"/>
    <property name="java.vm.specification.vendor" value="Oracle Corporation"/>
    <property name="user.variant" value=""/>
    <property name="os.name" value="Windows 8.1"/>
    <property name="classworlds.conf" value="D:\Users\Tim\git\.metadata\.plugins\org.eclipse.m2e.launching\launches\m2conf483994850861093436.tmp"/>
    <property name="sun.jnu.encoding" value="Cp1252"/>
    <property name="java.library.path" value="D:\Program Files (x86)\Java\jdk1.8.0_60\bin;D:\WINDOWS\Sun\Java\bin;D:\WINDOWS\system32;D:\WINDOWS;D:/Program Files/Java/jre1.8.0_25/bin/server;D:/Program Files/Java/jre1.8.0_25/bin;D:/Program Files/Java/jre1.8.0_25/lib/amd64;D:\ProgramData\Oracle\Java\javapath;D:\WINDOWS\system32;D:\WINDOWS;D:\WINDOWS\System32\Wbem;D:\WINDOWS\System32\WindowsPowerShell\v1.0\;D:\Program Files (x86)\QuickTime\QTSystem\;D:\Program Files\nodejs\;d:\Users\Tim\.openvpn\bin;D:\Program Files\TortoiseSVN\bin;D:\Users\Tim\.dnx\bin;D:\Program Files\Microsoft DNX\Dnvm\;D:\Program Files (x86)\Windows Kits\8.1\Windows Performance Toolkit\;D:\Program Files\Microsoft SQL Server\120\Tools\Binn\;D:\Program Files (x86)\NVIDIA Corporation\PhysX\Common;D:\Program Files (x86)\Skype\Phone\;D:\Program Files\Microsoft SQL Server\110\Tools\Binn\;D:\Program Files (x86)\Microsoft SDKs\TypeScript\1.0\;D:\HashiCorp\Vagrant\bin;C:\Program Files\MATLAB\R2015a\runtime\win64;C:\Program Files\MATLAB\R2015a\bin;D:\Users\Tim\AppData\Roaming\npm;D:\Program Files (x86)\eclipse;;."/>
    <property name="java.specification.name" value="Java Platform API Specification"/>
    <property name="java.class.version" value="52.0"/>
    <property name="sun.management.compiler" value="HotSpot Client Compiler"/>
    <property name="os.version" value="6.3"/>
    <property name="user.home" value="D:\Users\Tim"/>
    <property name="user.timezone" value="Europe/Berlin"/>
    <property name="java.awt.printerjob" value="sun.awt.windows.WPrinterJob"/>
    <property name="java.specification.version" value="1.8"/>
    <property name="file.encoding" value="Cp1252"/>
    <property name="user.name" value="Tim"/>
    <property name="java.class.path" value="/D:/Program Files (x86)/eclipse/../../Users/Tim/.eclipse/org.eclipse.platform_4.4.0_237246245_win32_win32_x86_64/plugins/org.eclipse.m2e.maven.runtime_1.6.1.20150625-2337/jars/plexus-classworlds-2.5.2.jar"/>
    <property name="java.vm.specification.version" value="1.8"/>
    <property name="sun.arch.data.model" value="32"/>
    <property name="java.home" value="D:\Program Files (x86)\Java\jdk1.8.0_60\jre"/>
    <property name="sun.java.command" value="org.codehaus.plexus.classworlds.launcher.Launcher -B test"/>
    <property name="java.specification.vendor" value="Oracle Corporation"/>
    <property name="user.language" value="en"/>
    <property name="awt.toolkit" value="sun.awt.windows.WToolkit"/>
    <property name="java.vm.info" value="mixed mode"/>
    <property name="java.version" value="1.8.0_60"/>
    <property name="java.ext.dirs" value="D:\Program Files (x86)\Java\jdk1.8.0_60\jre\lib\ext;D:\WINDOWS\Sun\Java\lib\ext"/>
    <property name="sun.boot.class.path" value="D:\Program Files (x86)\Java\jdk1.8.0_60\jre\lib\resources.jar;D:\Program Files (x86)\Java\jdk1.8.0_60\jre\lib\rt.jar;D:\Program Files (x86)\Java\jdk1.8.0_60\jre\lib\sunrsasign.jar;D:\Program Files (x86)\Java\jdk1.8.0_60\jre\lib\jsse.jar;D:\Program Files (x86)\Java\jdk1.8.0_60\jre\lib\jce.jar;D:\Program Files (x86)\Java\jdk1.8.0_60\jre\lib\charsets.jar;D:\Program Files (x86)\Java\jdk1.8.0_60\jre\lib\jfr.jar;D:\Program Files (x86)\Java\jdk1.8.0_60\jre\classes"/>
    <property name="java.vendor" value="Oracle Corporation"/>
    <property name="maven.home" value="D:\Users\Tim\git\Bubble Trouble\EMBEDDED"/>
    <property name="file.separator" value="\"/>
    <property name="java.vendor.url.bug" value="http://bugreport.sun.com/bugreport/"/>
    <property name="sun.cpu.endian" value="little"/>
    <property name="sun.io.unicode.encoding" value="UnicodeLittle"/>
    <property name="sun.desktop" value="windows"/>
    <property name="sun.cpu.isalist" value="pentium_pro+mmx pentium_pro pentium+mmx pentium i486 i386 i86"/>
  </properties>
  <testcase classname="SettingsTest" name="SettingsTest.testGetPlayerPowerupStepSize" time="0">
    <failure message="org/junit/Assert" type="java.lang.NoClassDefFoundError">java.lang.NoClassDefFoundError: org/junit/Assert
	at SettingsTest.testGetPlayerPowerupStepSize(SettingsTest.java:51)
Caused by: java.lang.ClassNotFoundException: org.junit.Assert
	at java.net.URLClassLoader.findClass(URLClassLoader.java:381)
	at java.lang.ClassLoader.loadClass(ClassLoader.java:424)
	at sun.misc.Launcher$AppClassLoader.loadClass(Launcher.java:331)
	at java.lang.ClassLoader.loadClass(ClassLoader.java:357)
	... 19 more
</failure>
  </testcase>
  <testcase classname="SettingsTest" name="SettingsTest.testGetSmallestBubbleSize" time="0">
    <failure message="org/junit/Assert" type="java.lang.NoClassDefFoundError">java.lang.NoClassDefFoundError: org/junit/Assert
	at SettingsTest.testGetSmallestBubbleSize(SettingsTest.java:66)
</failure>
  </testcase>
  <testcase classname="SettingsTest" name="SettingsTest.testGetPowerupChance" time="0">
    <failure message="org/junit/Assert" type="java.lang.NoClassDefFoundError">java.lang.NoClassDefFoundError: org/junit/Assert
	at SettingsTest.testGetPowerupChance(SettingsTest.java:76)
</failure>
  </testcase>
  <testcase classname="SettingsTest" name="SettingsTest.testGetPowerupWidth" time="0">
    <failure message="org/junit/Assert" type="java.lang.NoClassDefFoundError">java.lang.NoClassDefFoundError: org/junit/Assert
	at SettingsTest.testGetPowerupWidth(SettingsTest.java:81)
</failure>
  </testcase>
  <testcase classname="SettingsTest" name="SettingsTest.testGetScreenWidth" time="0">
    <failure message="org/junit/Assert" type="java.lang.NoClassDefFoundError">java.lang.NoClassDefFoundError: org/junit/Assert
	at SettingsTest.testGetScreenWidth(SettingsTest.java:16)
</failure>
  </testcase>
  <testcase classname="SettingsTest" name="SettingsTest.testGetLevelHeight" time="0">
    <failure message="org/junit/Assert" type="java.lang.NoClassDefFoundError">java.lang.NoClassDefFoundError: org/junit/Assert
	at SettingsTest.testGetLevelHeight(SettingsTest.java:31)
</failure>
  </testcase>
  <testcase classname="SettingsTest" name="SettingsTest.testGetPlayerStepSize" time="0">
    <failure message="org/junit/Assert" type="java.lang.NoClassDefFoundError">java.lang.NoClassDefFoundError: org/junit/Assert
	at SettingsTest.testGetPlayerStepSize(SettingsTest.java:46)
</failure>
  </testcase>
  <testcase classname="SettingsTest" name="SettingsTest.testGetLevelWidth" time="0">
    <failure message="org/junit/Assert" type="java.lang.NoClassDefFoundError">java.lang.NoClassDefFoundError: org/junit/Assert
	at SettingsTest.testGetLevelWidth(SettingsTest.java:26)
</failure>
  </testcase>
  <testcase classname="SettingsTest" name="SettingsTest.testGetPlayerHeight" time="0">
    <failure message="org/junit/Assert" type="java.lang.NoClassDefFoundError">java.lang.NoClassDefFoundError: org/junit/Assert
	at SettingsTest.testGetPlayerHeight(SettingsTest.java:36)
</failure>
  </testcase>
  <testcase classname="SettingsTest" name="SettingsTest.testGetScreenHeight" time="0">
    <failure message="org/junit/Assert" type="java.lang.NoClassDefFoundError">java.lang.NoClassDefFoundError: org/junit/Assert
	at SettingsTest.testGetScreenHeight(SettingsTest.java:21)
</failure>
  </testcase>
  <testcase classname="SettingsTest" name="SettingsTest.testGetPlayerWidth" time="0">
    <failure message="org/junit/Assert" type="java.lang.NoClassDefFoundError">java.lang.NoClassDefFoundError: org/junit/Assert
	at SettingsTest.testGetPlayerWidth(SettingsTest.java:41)
</failure>
  </testcase>
  <testcase classname="SettingsTest" name="SettingsTest.testGetPowerupSpeed" time="0">
    <failure message="org/junit/Assert" type="java.lang.NoClassDefFoundError">java.lang.NoClassDefFoundError: org/junit/Assert
	at SettingsTest.testGetPowerupSpeed(SettingsTest.java:71)
</failure>
  </testcase>
  <testcase classname="SettingsTest" name="SettingsTest.testGetPowerupHeight" time="0">
    <failure message="org/junit/Assert" type="java.lang.NoClassDefFoundError">java.lang.NoClassDefFoundError: org/junit/Assert
	at SettingsTest.testGetPowerupHeight(SettingsTest.java:86)
</failure>
  </testcase>
  <testcase classname="SettingsTest" name="SettingsTest.testGetLives" time="0">
    <failure message="org/junit/Assert" type="java.lang.NoClassDefFoundError">java.lang.NoClassDefFoundError: org/junit/Assert
	at SettingsTest.testGetLives(SettingsTest.java:56)
</failure>
  </testcase>
  <testcase classname="SettingsTest" name="SettingsTest.testGetRopeSpeed" time="0">
    <failure message="org/junit/Assert" type="java.lang.NoClassDefFoundError">java.lang.NoClassDefFoundError: org/junit/Assert
	at SettingsTest.testGetRopeSpeed(SettingsTest.java:61)
</failure>
  </testcase>
  <testcase classname="SettingsTest" name="SettingsTest.testGetFps" time="0">
    <failure message="org/junit/Assert" type="java.lang.NoClassDefFoundError">java.lang.NoClassDefFoundError: org/junit/Assert
	at SettingsTest.testGetFps(SettingsTest.java:11)
</failure>
  </testcase>
</testsuite>