<?xml version="1.0" encoding="UTF-8" ?>
<testsuite tests="24" failures="24" name="PlayerTest" time="0.047" errors="0" skipped="0">
  <properties>
[...]
</properties>
  <testcase classname="PlayerTest" name="PlayerTest.testMoveDeactivatedSpeed" time="0">
    <failure message="org/junit/Assert" type="java.lang.NoClassDefFoundError">java.lang.NoClassDefFoundError: org/junit/Assert
	at PlayerTest.testMoveDeactivatedSpeed(PlayerTest.java:74)
Caused by: java.lang.ClassNotFoundException: org.junit.Assert
	at java.net.URLClassLoader.findClass(URLClassLoader.java:381)
	at java.lang.ClassLoader.loadClass(ClassLoader.java:424)
	at sun.misc.Launcher$AppClassLoader.loadClass(Launcher.java:331)
	at java.lang.ClassLoader.loadClass(ClassLoader.java:357)
	... 19 more
</failure>
  </testcase>
  <testcase classname="PlayerTest" name="PlayerTest.testRemovePowerup" time="0">
    <failure message="org/junit/Assert" type="java.lang.NoClassDefFoundError">java.lang.NoClassDefFoundError: org/junit/Assert
	at PlayerTest.testRemovePowerup(PlayerTest.java:97)
</failure>
  </testcase>
  <testcase classname="PlayerTest" name="PlayerTest.testStopMovingRight" time="0">
    <failure message="org/junit/Assert" type="java.lang.NoClassDefFoundError">java.lang.NoClassDefFoundError: org/junit/Assert
	at PlayerTest.testStopMovingRight(PlayerTest.java:46)
</failure>
  </testcase>
  <testcase classname="PlayerTest" name="PlayerTest.testHasIceRopeNoIceRope" time="0.015">
    <failure message="org/junit/Assert" type="java.lang.NoClassDefFoundError">java.lang.NoClassDefFoundError: org/junit/Assert
	at PlayerTest.testHasIceRopeNoIceRope(PlayerTest.java:193)
</failure>
  </testcase>
  <testcase classname="PlayerTest" name="PlayerTest.testMovePowerupLeft" time="0">
    <failure message="org/junit/Assert" type="java.lang.NoClassDefFoundError">java.lang.NoClassDefFoundError: org/junit/Assert
	at PlayerTest.testMovePowerupLeft(PlayerTest.java:108)
</failure>
  </testcase>
  <testcase classname="PlayerTest" name="PlayerTest.testMovePowerupRight" time="0">
    <failure message="org/junit/Assert" type="java.lang.NoClassDefFoundError">java.lang.NoClassDefFoundError: org/junit/Assert
	at PlayerTest.testMovePowerupRight(PlayerTest.java:117)
</failure>
  </testcase>
  <testcase classname="PlayerTest" name="PlayerTest.testRemoveAllPowerUpsEmptyList" time="0">
    <failure message="org/junit/Assert" type="java.lang.NoClassDefFoundError">java.lang.NoClassDefFoundError: org/junit/Assert
	at PlayerTest.testRemoveAllPowerUpsEmptyList(PlayerTest.java:166)
</failure>
  </testcase>
  <testcase classname="PlayerTest" name="PlayerTest.testRemoveAllPowerUps1Element" time="0">
    <failure message="org/junit/Assert" type="java.lang.NoClassDefFoundError">java.lang.NoClassDefFoundError: org/junit/Assert
	at PlayerTest.testRemoveAllPowerUps1Element(PlayerTest.java:175)
</failure>
  </testcase>
  <testcase classname="PlayerTest" name="PlayerTest.testShotDeactivatedIceRope" time="0">
    <failure message="org/junit/Assert" type="java.lang.NoClassDefFoundError">java.lang.NoClassDefFoundError: org/junit/Assert
	at PlayerTest.testShotDeactivatedIceRope(PlayerTest.java:146)
</failure>
  </testcase>
  <testcase classname="PlayerTest" name="PlayerTest.testMoveDeactivatedIceRope" time="0.016">
    <failure message="org/junit/Assert" type="java.lang.NoClassDefFoundError">java.lang.NoClassDefFoundError: org/junit/Assert
	at PlayerTest.testMoveDeactivatedIceRope(PlayerTest.java:84)
</failure>
  </testcase>
  <testcase classname="PlayerTest" name="PlayerTest.testStopMovingLeft" time="0">
    <failure message="org/junit/Assert" type="java.lang.NoClassDefFoundError">java.lang.NoClassDefFoundError: org/junit/Assert
	at PlayerTest.testStopMovingLeft(PlayerTest.java:38)
</failure>
  </testcase>
  <testcase classname="PlayerTest" name="PlayerTest.testPlayerConstructor" time="0">
    <failure message="org/junit/Assert" type="java.lang.NoClassDefFoundError">java.lang.NoClassDefFoundError: org/junit/Assert
	at PlayerTest.testPlayerConstructor(PlayerTest.java:16)
</failure>
  </testcase>
  <testcase classname="PlayerTest" name="PlayerTest.testShootRope" time="0">
    <failure message="org/junit/Assert" type="java.lang.NoClassDefFoundError">java.lang.NoClassDefFoundError: org/junit/Assert
	at PlayerTest.testShootRope(PlayerTest.java:123)
</failure>
  </testcase>
  <testcase classname="PlayerTest" name="PlayerTest.testSetPowerup" time="0">
    <failure message="org/junit/Assert" type="java.lang.NoClassDefFoundError">java.lang.NoClassDefFoundError: org/junit/Assert
	at PlayerTest.testSetPowerup(PlayerTest.java:90)
</failure>
  </testcase>
  <testcase classname="PlayerTest" name="PlayerTest.testShootIceRope" time="0">
    <failure message="org/junit/Assert" type="java.lang.NoClassDefFoundError">java.lang.NoClassDefFoundError: org/junit/Assert
	at PlayerTest.testShootIceRope(PlayerTest.java:134)
</failure>
  </testcase>
  <testcase classname="PlayerTest" name="PlayerTest.testGetHeight" time="0">
    <failure message="org/junit/Assert" type="java.lang.NoClassDefFoundError">java.lang.NoClassDefFoundError: org/junit/Assert
	at PlayerTest.testGetHeight(PlayerTest.java:160)
</failure>
  </testcase>
  <testcase classname="PlayerTest" name="PlayerTest.testGetWidth" time="0">
    <failure message="org/junit/Assert" type="java.lang.NoClassDefFoundError">java.lang.NoClassDefFoundError: org/junit/Assert
	at PlayerTest.testGetWidth(PlayerTest.java:155)
</failure>
  </testcase>
  <testcase classname="PlayerTest" name="PlayerTest.testMovingLeft" time="0">
    <failure message="org/junit/Assert" type="java.lang.NoClassDefFoundError">java.lang.NoClassDefFoundError: org/junit/Assert
	at PlayerTest.testMovingLeft(PlayerTest.java:23)
</failure>
  </testcase>
  <testcase classname="PlayerTest" name="PlayerTest.testMoveRight" time="0">
    <failure message="org/junit/Assert" type="java.lang.NoClassDefFoundError">java.lang.NoClassDefFoundError: org/junit/Assert
	at PlayerTest.testMoveRight(PlayerTest.java:64)
</failure>
  </testcase>
  <testcase classname="PlayerTest" name="PlayerTest.testMovingRight" time="0">
    <failure message="org/junit/Assert" type="java.lang.NoClassDefFoundError">java.lang.NoClassDefFoundError: org/junit/Assert
	at PlayerTest.testMovingRight(PlayerTest.java:30)
</failure>
  </testcase>
  <testcase classname="PlayerTest" name="PlayerTest.testMoveLeft" time="0">
    <failure message="org/junit/Assert" type="java.lang.NoClassDefFoundError">java.lang.NoClassDefFoundError: org/junit/Assert
	at PlayerTest.testMoveLeft(PlayerTest.java:56)
</failure>
  </testcase>
  <testcase classname="PlayerTest" name="PlayerTest.testHasIceRopeWithIceRope" time="0">
    <failure message="org/junit/Assert" type="java.lang.NoClassDefFoundError">java.lang.NoClassDefFoundError: org/junit/Assert
	at PlayerTest.testHasIceRopeWithIceRope(PlayerTest.java:200)
</failure>
  </testcase>
  <testcase classname="PlayerTest" name="PlayerTest.testRemoveAllPowerUpsMultiElement" time="0.016">
    <failure message="org/junit/Assert" type="java.lang.NoClassDefFoundError">java.lang.NoClassDefFoundError: org/junit/Assert
	at PlayerTest.testRemoveAllPowerUpsMultiElement(PlayerTest.java:185)
</failure>
  </testcase>
  <testcase classname="PlayerTest" name="PlayerTest.testHasPowerup" time="0">
    <failure message="org/junit/Assert" type="java.lang.NoClassDefFoundError">java.lang.NoClassDefFoundError: org/junit/Assert
	at PlayerTest.testHasPowerup(PlayerTest.java:206)
</failure>
  </testcase>
</testsuite>