<?xml version="1.0" encoding="UTF-8" ?>
<testsuite tests="24" failures="24" name="PlayerTest" time="0.047" errors="0" skipped="0">
  <properties>
    <property name="java.runtime.name" value="Java(TM) SE Runtime Environment"/>
    <property name="sun.boot.library.path" value="D:\Program Files (x86)\Java\jdk1.8.0_60\jre\bin"/>
    <property name="java.vm.version" value="25.60-b23"/>
    <property name="java.vm.vendor" value="Oracle Corporation"/>
    <property name="maven.multiModuleProjectDirectory" value="D:\Users\Tim\git\Bubble Trouble"/>
    <property name="java.vendor.url" value="http://java.oracle.com/"/>
    <property name="path.separator" value=";"/>
    <property name="guice.disable.misplaced.annotation.check" value="true"/>
    <property name="java.vm.name" value="Java HotSpot(TM) Client VM"/>
    <property name="file.encoding.pkg" value="sun.io"/>
    <property name="user.script" value=""/>
    <property name="user.country" value="US"/>
    <property name="sun.java.launcher" value="SUN_STANDARD"/>
    <property name="sun.os.patch.level" value=""/>
    <property name="java.vm.specification.name" value="Java Virtual Machine Specification"/>
    <property name="user.dir" value="D:\Users\Tim\git\Bubble Trouble"/>
    <property name="java.runtime.version" value="1.8.0_60-b27"/>
    <property name="java.awt.graphicsenv" value="sun.awt.Win32GraphicsEnvironment"/>
    <property name="java.endorsed.dirs" value="D:\Program Files (x86)\Java\jdk1.8.0_60\jre\lib\endorsed"/>
    <property name="os.arch" value="x86"/>
    <property name="java.io.tmpdir" value="D:\Users\Tim\AppData\Local\Temp\"/>
    <property name="line.separator" value="
"/>
    <property name="java.vm.specification.vendor" value="Oracle Corporation"/>
    <property name="user.variant" value=""/>
    <property name="os.name" value="Windows 8.1"/>
    <property name="classworlds.conf" value="D:\Users\Tim\git\.metadata\.plugins\org.eclipse.m2e.launching\launches\m2conf1327806325846948052.tmp"/>
    <property name="sun.jnu.encoding" value="Cp1252"/>
    <property name="java.library.path" value="D:\Program Files (x86)\Java\jdk1.8.0_60\bin;D:\WINDOWS\Sun\Java\bin;D:\WINDOWS\system32;D:\WINDOWS;D:/Program Files/Java/jre1.8.0_25/bin/server;D:/Program Files/Java/jre1.8.0_25/bin;D:/Program Files/Java/jre1.8.0_25/lib/amd64;D:\ProgramData\Oracle\Java\javapath;D:\WINDOWS\system32;D:\WINDOWS;D:\WINDOWS\System32\Wbem;D:\WINDOWS\System32\WindowsPowerShell\v1.0\;D:\Program Files (x86)\QuickTime\QTSystem\;D:\Program Files\nodejs\;d:\Users\Tim\.openvpn\bin;D:\Program Files\TortoiseSVN\bin;D:\Users\Tim\.dnx\bin;D:\Program Files\Microsoft DNX\Dnvm\;D:\Program Files (x86)\Windows Kits\8.1\Windows Performance Toolkit\;D:\Program Files\Microsoft SQL Server\120\Tools\Binn\;D:\Program Files (x86)\NVIDIA Corporation\PhysX\Common;D:\Program Files (x86)\Skype\Phone\;D:\Program Files\Microsoft SQL Server\110\Tools\Binn\;D:\Program Files (x86)\Microsoft SDKs\TypeScript\1.0\;D:\HashiCorp\Vagrant\bin;C:\Program Files\MATLAB\R2015a\runtime\win64;C:\Program Files\MATLAB\R2015a\bin;D:\Users\Tim\AppData\Roaming\npm;D:\Program Files (x86)\eclipse;;."/>
    <property name="java.specification.name" value="Java Platform API Specification"/>
    <property name="java.class.version" value="52.0"/>
    <property name="sun.management.compiler" value="HotSpot Client Compiler"/>
    <property name="os.version" value="6.3"/>
    <property name="user.home" value="D:\Users\Tim"/>
    <property name="user.timezone" value="Europe/Berlin"/>
    <property name="java.awt.printerjob" value="sun.awt.windows.WPrinterJob"/>
    <property name="java.specification.version" value="1.8"/>
    <property name="file.encoding" value="Cp1252"/>
    <property name="user.name" value="Tim"/>
    <property name="java.class.path" value="/D:/Program Files (x86)/eclipse/../../Users/Tim/.eclipse/org.eclipse.platform_4.4.0_237246245_win32_win32_x86_64/plugins/org.eclipse.m2e.maven.runtime_1.6.1.20150625-2337/jars/plexus-classworlds-2.5.2.jar"/>
    <property name="java.vm.specification.version" value="1.8"/>
    <property name="sun.arch.data.model" value="32"/>
    <property name="java.home" value="D:\Program Files (x86)\Java\jdk1.8.0_60\jre"/>
    <property name="sun.java.command" value="org.codehaus.plexus.classworlds.launcher.Launcher -B test"/>
    <property name="java.specification.vendor" value="Oracle Corporation"/>
    <property name="user.language" value="en"/>
    <property name="awt.toolkit" value="sun.awt.windows.WToolkit"/>
    <property name="java.vm.info" value="mixed mode"/>
    <property name="java.version" value="1.8.0_60"/>
    <property name="java.ext.dirs" value="D:\Program Files (x86)\Java\jdk1.8.0_60\jre\lib\ext;D:\WINDOWS\Sun\Java\lib\ext"/>
    <property name="sun.boot.class.path" value="D:\Program Files (x86)\Java\jdk1.8.0_60\jre\lib\resources.jar;D:\Program Files (x86)\Java\jdk1.8.0_60\jre\lib\rt.jar;D:\Program Files (x86)\Java\jdk1.8.0_60\jre\lib\sunrsasign.jar;D:\Program Files (x86)\Java\jdk1.8.0_60\jre\lib\jsse.jar;D:\Program Files (x86)\Java\jdk1.8.0_60\jre\lib\jce.jar;D:\Program Files (x86)\Java\jdk1.8.0_60\jre\lib\charsets.jar;D:\Program Files (x86)\Java\jdk1.8.0_60\jre\lib\jfr.jar;D:\Program Files (x86)\Java\jdk1.8.0_60\jre\classes"/>
    <property name="java.vendor" value="Oracle Corporation"/>
    <property name="maven.home" value="D:\Users\Tim\git\Bubble Trouble\EMBEDDED"/>
    <property name="file.separator" value="\"/>
    <property name="java.vendor.url.bug" value="http://bugreport.sun.com/bugreport/"/>
    <property name="sun.cpu.endian" value="little"/>
    <property name="sun.io.unicode.encoding" value="UnicodeLittle"/>
    <property name="sun.desktop" value="windows"/>
    <property name="sun.cpu.isalist" value="pentium_pro+mmx pentium_pro pentium+mmx pentium i486 i386 i86"/>
  </properties>
  <testcase classname="PlayerTest" name="PlayerTest.testMoveDeactivatedSpeed" time="0">
    <failure message="org/junit/Assert" type="java.lang.NoClassDefFoundError">java.lang.NoClassDefFoundError: org/junit/Assert
	at PlayerTest.testMoveDeactivatedSpeed(PlayerTest.java:74)
Caused by: java.lang.ClassNotFoundException: org.junit.Assert
	at java.net.URLClassLoader.findClass(URLClassLoader.java:381)
	at java.lang.ClassLoader.loadClass(ClassLoader.java:424)
	at sun.misc.Launcher$AppClassLoader.loadClass(Launcher.java:331)
	at java.lang.ClassLoader.loadClass(ClassLoader.java:357)
	... 19 more
</failure>
  </testcase>
  <testcase classname="PlayerTest" name="PlayerTest.testRemovePowerup" time="0">
    <failure message="org/junit/Assert" type="java.lang.NoClassDefFoundError">java.lang.NoClassDefFoundError: org/junit/Assert
	at PlayerTest.testRemovePowerup(PlayerTest.java:97)
</failure>
  </testcase>
  <testcase classname="PlayerTest" name="PlayerTest.testStopMovingRight" time="0">
    <failure message="org/junit/Assert" type="java.lang.NoClassDefFoundError">java.lang.NoClassDefFoundError: org/junit/Assert
	at PlayerTest.testStopMovingRight(PlayerTest.java:46)
</failure>
  </testcase>
  <testcase classname="PlayerTest" name="PlayerTest.testHasIceRopeNoIceRope" time="0.015">
    <failure message="org/junit/Assert" type="java.lang.NoClassDefFoundError">java.lang.NoClassDefFoundError: org/junit/Assert
	at PlayerTest.testHasIceRopeNoIceRope(PlayerTest.java:193)
</failure>
  </testcase>
  <testcase classname="PlayerTest" name="PlayerTest.testMovePowerupLeft" time="0">
    <failure message="org/junit/Assert" type="java.lang.NoClassDefFoundError">java.lang.NoClassDefFoundError: org/junit/Assert
	at PlayerTest.testMovePowerupLeft(PlayerTest.java:108)
</failure>
  </testcase>
  <testcase classname="PlayerTest" name="PlayerTest.testMovePowerupRight" time="0">
    <failure message="org/junit/Assert" type="java.lang.NoClassDefFoundError">java.lang.NoClassDefFoundError: org/junit/Assert
	at PlayerTest.testMovePowerupRight(PlayerTest.java:117)
</failure>
  </testcase>
  <testcase classname="PlayerTest" name="PlayerTest.testRemoveAllPowerUpsEmptyList" time="0">
    <failure message="org/junit/Assert" type="java.lang.NoClassDefFoundError">java.lang.NoClassDefFoundError: org/junit/Assert
	at PlayerTest.testRemoveAllPowerUpsEmptyList(PlayerTest.java:166)
</failure>
  </testcase>
  <testcase classname="PlayerTest" name="PlayerTest.testRemoveAllPowerUps1Element" time="0">
    <failure message="org/junit/Assert" type="java.lang.NoClassDefFoundError">java.lang.NoClassDefFoundError: org/junit/Assert
	at PlayerTest.testRemoveAllPowerUps1Element(PlayerTest.java:175)
</failure>
  </testcase>
  <testcase classname="PlayerTest" name="PlayerTest.testShotDeactivatedIceRope" time="0">
    <failure message="org/junit/Assert" type="java.lang.NoClassDefFoundError">java.lang.NoClassDefFoundError: org/junit/Assert
	at PlayerTest.testShotDeactivatedIceRope(PlayerTest.java:146)
</failure>
  </testcase>
  <testcase classname="PlayerTest" name="PlayerTest.testMoveDeactivatedIceRope" time="0.016">
    <failure message="org/junit/Assert" type="java.lang.NoClassDefFoundError">java.lang.NoClassDefFoundError: org/junit/Assert
	at PlayerTest.testMoveDeactivatedIceRope(PlayerTest.java:84)
</failure>
  </testcase>
  <testcase classname="PlayerTest" name="PlayerTest.testStopMovingLeft" time="0">
    <failure message="org/junit/Assert" type="java.lang.NoClassDefFoundError">java.lang.NoClassDefFoundError: org/junit/Assert
	at PlayerTest.testStopMovingLeft(PlayerTest.java:38)
</failure>
  </testcase>
  <testcase classname="PlayerTest" name="PlayerTest.testPlayerConstructor" time="0">
    <failure message="org/junit/Assert" type="java.lang.NoClassDefFoundError">java.lang.NoClassDefFoundError: org/junit/Assert
	at PlayerTest.testPlayerConstructor(PlayerTest.java:16)
</failure>
  </testcase>
  <testcase classname="PlayerTest" name="PlayerTest.testShootRope" time="0">
    <failure message="org/junit/Assert" type="java.lang.NoClassDefFoundError">java.lang.NoClassDefFoundError: org/junit/Assert
	at PlayerTest.testShootRope(PlayerTest.java:123)
</failure>
  </testcase>
  <testcase classname="PlayerTest" name="PlayerTest.testSetPowerup" time="0">
    <failure message="org/junit/Assert" type="java.lang.NoClassDefFoundError">java.lang.NoClassDefFoundError: org/junit/Assert
	at PlayerTest.testSetPowerup(PlayerTest.java:90)
</failure>
  </testcase>
  <testcase classname="PlayerTest" name="PlayerTest.testShootIceRope" time="0">
    <failure message="org/junit/Assert" type="java.lang.NoClassDefFoundError">java.lang.NoClassDefFoundError: org/junit/Assert
	at PlayerTest.testShootIceRope(PlayerTest.java:134)
</failure>
  </testcase>
  <testcase classname="PlayerTest" name="PlayerTest.testGetHeight" time="0">
    <failure message="org/junit/Assert" type="java.lang.NoClassDefFoundError">java.lang.NoClassDefFoundError: org/junit/Assert
	at PlayerTest.testGetHeight(PlayerTest.java:160)
</failure>
  </testcase>
  <testcase classname="PlayerTest" name="PlayerTest.testGetWidth" time="0">
    <failure message="org/junit/Assert" type="java.lang.NoClassDefFoundError">java.lang.NoClassDefFoundError: org/junit/Assert
	at PlayerTest.testGetWidth(PlayerTest.java:155)
</failure>
  </testcase>
  <testcase classname="PlayerTest" name="PlayerTest.testMovingLeft" time="0">
    <failure message="org/junit/Assert" type="java.lang.NoClassDefFoundError">java.lang.NoClassDefFoundError: org/junit/Assert
	at PlayerTest.testMovingLeft(PlayerTest.java:23)
</failure>
  </testcase>
  <testcase classname="PlayerTest" name="PlayerTest.testMoveRight" time="0">
    <failure message="org/junit/Assert" type="java.lang.NoClassDefFoundError">java.lang.NoClassDefFoundError: org/junit/Assert
	at PlayerTest.testMoveRight(PlayerTest.java:64)
</failure>
  </testcase>
  <testcase classname="PlayerTest" name="PlayerTest.testMovingRight" time="0">
    <failure message="org/junit/Assert" type="java.lang.NoClassDefFoundError">java.lang.NoClassDefFoundError: org/junit/Assert
	at PlayerTest.testMovingRight(PlayerTest.java:30)
</failure>
  </testcase>
  <testcase classname="PlayerTest" name="PlayerTest.testMoveLeft" time="0">
    <failure message="org/junit/Assert" type="java.lang.NoClassDefFoundError">java.lang.NoClassDefFoundError: org/junit/Assert
	at PlayerTest.testMoveLeft(PlayerTest.java:56)
</failure>
  </testcase>
  <testcase classname="PlayerTest" name="PlayerTest.testHasIceRopeWithIceRope" time="0">
    <failure message="org/junit/Assert" type="java.lang.NoClassDefFoundError">java.lang.NoClassDefFoundError: org/junit/Assert
	at PlayerTest.testHasIceRopeWithIceRope(PlayerTest.java:200)
</failure>
  </testcase>
  <testcase classname="PlayerTest" name="PlayerTest.testRemoveAllPowerUpsMultiElement" time="0.016">
    <failure message="org/junit/Assert" type="java.lang.NoClassDefFoundError">java.lang.NoClassDefFoundError: org/junit/Assert
	at PlayerTest.testRemoveAllPowerUpsMultiElement(PlayerTest.java:185)
</failure>
  </testcase>
  <testcase classname="PlayerTest" name="PlayerTest.testHasPowerup" time="0">
    <failure message="org/junit/Assert" type="java.lang.NoClassDefFoundError">java.lang.NoClassDefFoundError: org/junit/Assert
	at PlayerTest.testHasPowerup(PlayerTest.java:206)
</failure>
  </testcase>
</testsuite>