<?xml version="1.0" encoding="UTF-8" ?>
<testsuite tests="16" failures="16" name="SettingsTest" time="0" errors="0" skipped="0">
  <properties>
[...]
</properties>
  <testcase classname="SettingsTest" name="SettingsTest.testGetPlayerPowerupStepSize" time="0">
    <failure message="org/junit/Assert" type="java.lang.NoClassDefFoundError">java.lang.NoClassDefFoundError: org/junit/Assert
	at SettingsTest.testGetPlayerPowerupStepSize(SettingsTest.java:51)
Caused by: java.lang.ClassNotFoundException: org.junit.Assert
	at java.net.URLClassLoader.findClass(URLClassLoader.java:381)
	at java.lang.ClassLoader.loadClass(ClassLoader.java:424)
	at sun.misc.Launcher$AppClassLoader.loadClass(Launcher.java:331)
	at java.lang.ClassLoader.loadClass(ClassLoader.java:357)
	... 19 more
</failure>
  </testcase>
  <testcase classname="SettingsTest" name="SettingsTest.testGetSmallestBubbleSize" time="0">
    <failure message="org/junit/Assert" type="java.lang.NoClassDefFoundError">java.lang.NoClassDefFoundError: org/junit/Assert
	at SettingsTest.testGetSmallestBubbleSize(SettingsTest.java:66)
</failure>
  </testcase>
  <testcase classname="SettingsTest" name="SettingsTest.testGetPowerupChance" time="0">
    <failure message="org/junit/Assert" type="java.lang.NoClassDefFoundError">java.lang.NoClassDefFoundError: org/junit/Assert
	at SettingsTest.testGetPowerupChance(SettingsTest.java:76)
</failure>
  </testcase>
  <testcase classname="SettingsTest" name="SettingsTest.testGetPowerupWidth" time="0">
    <failure message="org/junit/Assert" type="java.lang.NoClassDefFoundError">java.lang.NoClassDefFoundError: org/junit/Assert
	at SettingsTest.testGetPowerupWidth(SettingsTest.java:81)
</failure>
  </testcase>
  <testcase classname="SettingsTest" name="SettingsTest.testGetScreenWidth" time="0">
    <failure message="org/junit/Assert" type="java.lang.NoClassDefFoundError">java.lang.NoClassDefFoundError: org/junit/Assert
	at SettingsTest.testGetScreenWidth(SettingsTest.java:16)
</failure>
  </testcase>
  <testcase classname="SettingsTest" name="SettingsTest.testGetLevelHeight" time="0">
    <failure message="org/junit/Assert" type="java.lang.NoClassDefFoundError">java.lang.NoClassDefFoundError: org/junit/Assert
	at SettingsTest.testGetLevelHeight(SettingsTest.java:31)
</failure>
  </testcase>
  <testcase classname="SettingsTest" name="SettingsTest.testGetPlayerStepSize" time="0">
    <failure message="org/junit/Assert" type="java.lang.NoClassDefFoundError">java.lang.NoClassDefFoundError: org/junit/Assert
	at SettingsTest.testGetPlayerStepSize(SettingsTest.java:46)
</failure>
  </testcase>
  <testcase classname="SettingsTest" name="SettingsTest.testGetLevelWidth" time="0">
    <failure message="org/junit/Assert" type="java.lang.NoClassDefFoundError">java.lang.NoClassDefFoundError: org/junit/Assert
	at SettingsTest.testGetLevelWidth(SettingsTest.java:26)
</failure>
  </testcase>
  <testcase classname="SettingsTest" name="SettingsTest.testGetPlayerHeight" time="0">
    <failure message="org/junit/Assert" type="java.lang.NoClassDefFoundError">java.lang.NoClassDefFoundError: org/junit/Assert
	at SettingsTest.testGetPlayerHeight(SettingsTest.java:36)
</failure>
  </testcase>
  <testcase classname="SettingsTest" name="SettingsTest.testGetScreenHeight" time="0">
    <failure message="org/junit/Assert" type="java.lang.NoClassDefFoundError">java.lang.NoClassDefFoundError: org/junit/Assert
	at SettingsTest.testGetScreenHeight(SettingsTest.java:21)
</failure>
  </testcase>
  <testcase classname="SettingsTest" name="SettingsTest.testGetPlayerWidth" time="0">
    <failure message="org/junit/Assert" type="java.lang.NoClassDefFoundError">java.lang.NoClassDefFoundError: org/junit/Assert
	at SettingsTest.testGetPlayerWidth(SettingsTest.java:41)
</failure>
  </testcase>
  <testcase classname="SettingsTest" name="SettingsTest.testGetPowerupSpeed" time="0">
    <failure message="org/junit/Assert" type="java.lang.NoClassDefFoundError">java.lang.NoClassDefFoundError: org/junit/Assert
	at SettingsTest.testGetPowerupSpeed(SettingsTest.java:71)
</failure>
  </testcase>
  <testcase classname="SettingsTest" name="SettingsTest.testGetPowerupHeight" time="0">
    <failure message="org/junit/Assert" type="java.lang.NoClassDefFoundError">java.lang.NoClassDefFoundError: org/junit/Assert
	at SettingsTest.testGetPowerupHeight(SettingsTest.java:86)
</failure>
  </testcase>
  <testcase classname="SettingsTest" name="SettingsTest.testGetLives" time="0">
    <failure message="org/junit/Assert" type="java.lang.NoClassDefFoundError">java.lang.NoClassDefFoundError: org/junit/Assert
	at SettingsTest.testGetLives(SettingsTest.java:56)
</failure>
  </testcase>
  <testcase classname="SettingsTest" name="SettingsTest.testGetRopeSpeed" time="0">
    <failure message="org/junit/Assert" type="java.lang.NoClassDefFoundError">java.lang.NoClassDefFoundError: org/junit/Assert
	at SettingsTest.testGetRopeSpeed(SettingsTest.java:61)
</failure>
  </testcase>
  <testcase classname="SettingsTest" name="SettingsTest.testGetFps" time="0">
    <failure message="org/junit/Assert" type="java.lang.NoClassDefFoundError">java.lang.NoClassDefFoundError: org/junit/Assert
	at SettingsTest.testGetFps(SettingsTest.java:11)
</failure>
  </testcase>
</testsuite>